<?xml version="1.0" encoding="UTF-8"?>
<!-- Generated by org.testng.reporters.JUnitReportReporter -->
<testsuite hostname="IN-2TFWWT2" failures="0" tests="1" name="com.RestAssured_API_Automation.testCases.TC001" time="0.022" errors="0" timestamp="2022-08-23T20:48:06 IST" skipped="0">
  <testcase classname="com.RestAssured_API_Automation.testCases.TC001" name="checkResponseBody" time="0.022"/>
  <system-out/>
</testsuite> <!-- com.RestAssured_API_Automation.testCases.TC001 -->
